<?xml version="1.0" encoding="utf-8"?><testsuite errors="0" failures="0" name="pytest" skips="0" tests="6" time="22.539"><testcase classname="Tests.test_sign_in" file="Tests\test_sign_in.py" line="1" name="test_sign_in_empty_password" time="10.172581434249878"></testcase><testcase classname="Tests.test_sign_in" file="Tests\test_sign_in.py" line="6" name="test_sign_in_empty_login" time="0.32501864433288574"></testcase><testcase classname="Tests.test_sign_in" file="Tests\test_sign_in.py" line="10" name="test_sign_in_empty_all_fields" time="0.19601106643676758"></testcase><testcase classname="Tests.test_sign_in" file="Tests\test_sign_in.py" line="15" name="test_sign_in_invalid_password" time="0.6100349426269531"></testcase><testcase classname="Tests.test_sign_in" file="Tests\test_sign_in.py" line="19" name="test_sign_in_valid_login_and_password" time="1.8901081085205078"></testcase><testcase classname="Tests.test_sign_in" file="Tests\test_sign_in.py" line="24" name="test_sing_out" time="9.234528303146362"></testcase></testsuite>